[10:02:24] [ServerMain/INFO]: [bootstrap] Running Java 21 (OpenJDK 64-Bit Server VM 21.0.6+7-LTS; Microsoft Microsoft-10800198) on Linux 6.8.0-1026-azure (amd64)
[10:02:24] [ServerMain/INFO]: [bootstrap] Loading Paper 1.21.4-226-ver/1.21.4@a838a88 (2025-04-17T19:20:57Z) for Minecraft 1.21.4
[10:02:24] [ServerMain/INFO]: [PluginInitializerManager] Initializing plugins...
[10:02:30] [ServerMain/INFO]: [PluginInitializerManager] Initialized 19 plugins
[10:02:30] [ServerMain/INFO]: [PluginInitializerManager] Bukkit plugins (19):
 - BlueMap (5.7), ChestCommands (4.0.5), Chunky (1.4.36), DecentHolograms (2.8.16), Essentials (2.21.0), FastAsyncWorldEdit (2.13.0), LuckPerms (5.4.158), Multiverse-Core (4.3.16), Plan (5.6 build 2965), PluginPortal (3.0.7), SilkSpawners (8.2.0), SimpleScore (3.12.5), TAB (5.0.7), Vault (1.7.3-b131), ViaBackwards (5.3.2), ViaRewind (4.0.7), ViaVersion (5.3.2), playit-gg (0.1.4), voicechat (2.5.26)
[10:02:36] [ServerMain/INFO]: Environment: Environment[sessionHost=https://sessionserver.mojang.com, servicesHost=https://api.minecraftservices.com, name=PROD]
[10:02:39] [ServerMain/INFO]: Loaded 1370 recipes
[10:02:39] [ServerMain/INFO]: Loaded 1481 advancements
[10:02:39] [ServerMain/INFO]: [MCTypeRegistry] Initialising converters for DataConverter...
[10:02:39] [ServerMain/INFO]: [MCTypeRegistry] Finished initialising converters for DataConverter in 274.9ms
[10:02:39] [Server thread/INFO]: Starting minecraft server version 1.21.4
[10:02:39] [Server thread/INFO]: Loading properties
[10:02:39] [Server thread/INFO]: This server is running Paper version 1.21.4-226-ver/1.21.4@a838a88 (2025-04-17T19:20:57Z) (Implementing API version 1.21.4-R0.1-SNAPSHOT)
[10:02:39] [Server thread/INFO]: [spark] This server bundles the spark profiler. For more information please visit https://docs.papermc.io/paper/profiling
[10:02:39] [Server thread/INFO]: Server Ping Player Sample Count: 12
[10:02:39] [Server thread/INFO]: Using 4 threads for Netty based IO
[10:02:40] [Server thread/INFO]: [MoonriseCommon] Paper is using 1 worker threads, 1 I/O threads
[10:02:40] [Server thread/INFO]: [ChunkTaskScheduler] Chunk system is using population gen parallelism: true
[10:02:41] [Server thread/INFO]: Default game type: SURVIVAL
[10:02:41] [Server thread/INFO]: Generating keypair
[10:02:41] [Server thread/INFO]: Starting Minecraft server on *:25565
[10:02:41] [Server thread/INFO]: Using epoll channel type
[10:02:41] [Server thread/INFO]: Paper: Using libdeflate (Linux x86_64) compression from Velocity.
[10:02:41] [Server thread/INFO]: Paper: Using OpenSSL 1.1.x (Linux x86_64) cipher from Velocity.
[10:02:41] [Server thread/INFO]: [SpigotLibraryLoader] [BlueMap] Loading 1 libraries... please wait
[10:02:42] [Server thread/INFO]: [SpigotLibraryLoader] [BlueMap] Loaded library /workspaces/MinecraftTestServer/libraries/com/flowpowered/flow-math/1.0.3/flow-math-1.0.3.jar
[10:02:42] [Server thread/INFO]: [ViaVersion] Loading server plugin ViaVersion v5.3.2
[10:02:42] [Server thread/INFO]: [ViaVersion] ViaVersion 5.3.2 is now loaded. Registering protocol transformers and injecting...
[10:02:43] [Via-Mappingloader-0/INFO]: [ViaVersion] Loading block connection mappings ...
[10:02:43] [Via-Mappingloader-0/INFO]: [ViaVersion] Using FastUtil Long2ObjectOpenHashMap for block connections
[10:02:43] [Server thread/INFO]: [ViaBackwards] Loading translations...
[10:02:43] [Server thread/INFO]: [ViaBackwards] Registering protocols...
[10:02:44] [Server thread/INFO]: [ViaRewind] Registering protocols...
[10:02:44] [Server thread/INFO]: [LuckPerms] Loading server plugin LuckPerms v5.4.158
[10:02:45] [Server thread/INFO]: [Vault] Loading server plugin Vault v1.7.3-b131
[10:02:45] [Server thread/INFO]: [ViaBackwards] Loading server plugin ViaBackwards v5.3.2
[10:02:45] [Server thread/INFO]: [Essentials] Loading server plugin Essentials v2.21.0
[10:02:45] [Server thread/INFO]: [BlueMap] Loading server plugin BlueMap v5.7
[10:02:45] [Server thread/INFO]: [ViaRewind] Loading server plugin ViaRewind v4.0.7
[10:02:45] [Server thread/INFO]: [PluginPortal] Loading server plugin PluginPortal v3.0.7
[10:02:45] [Server thread/INFO]: [Multiverse-Core] Loading server plugin Multiverse-Core v4.3.16
[10:02:45] [Server thread/INFO]: [Plan] Loading server plugin Plan v5.6 build 2965
[10:02:45] [Server thread/INFO]: [ChestCommands] Loading server plugin ChestCommands v4.0.5
[10:02:45] [Server thread/INFO]: [FastAsyncWorldEdit] Loading server plugin FastAsyncWorldEdit v2.13.0
[10:02:45] [Server thread/WARN]: 
**********************************************
** You are using the Spigot-mapped FAWE jar on a modern Paper version.
** This will result in slower first-run times and wasted disk space from plugin remapping.
** Download the Paper FAWE jar from Modrinth to avoid this: https://modrinth.com/plugin/fastasyncworldedit/
**********************************************
[10:02:46] [Server thread/INFO]: Got request to register class com.sk89q.worldedit.bukkit.BukkitServerInterface with WorldEdit [com.sk89q.worldedit.extension.platform.PlatformManager@9b37a16]
[10:02:46] [Server thread/INFO]: [Chunky] Loading server plugin Chunky v1.4.36
[10:02:46] [Server thread/INFO]: [SimpleScore] Loading server plugin SimpleScore v3.12.5
[10:02:46] [Server thread/INFO]: [DecentHolograms] Loading server plugin DecentHolograms v2.8.16
[10:02:46] [Server thread/INFO]: [playit-gg] Loading server plugin playit-gg v0.1.4
[10:02:46] [Server thread/INFO]: [SilkSpawners] Loading server plugin SilkSpawners v8.2.0
[10:02:46] [Server thread/INFO]: [voicechat] Loading server plugin voicechat v2.5.26
[10:02:46] [Server thread/INFO]: [TAB] Loading server plugin TAB v5.0.7
[10:02:46] [Server thread/INFO]: Server permissions file permissions.yml is empty, ignoring it
[10:02:46] [Server thread/INFO]: [LuckPerms] Enabling LuckPerms v5.4.158
[10:02:46] [Server thread/INFO]:         __    
[10:02:46] [Server thread/INFO]:   |    |__)   LuckPerms v5.4.158
[10:02:46] [Server thread/INFO]:   |___ |      Running on Bukkit - Paper
[10:02:46] [Server thread/INFO]: 
[10:02:46] [Server thread/INFO]: [LuckPerms] Loading configuration...
[10:02:47] [Server thread/INFO]: [LuckPerms] Loading storage provider... [H2]
[10:02:47] [Server thread/INFO]: [LuckPerms] Loading internal permission managers...
[10:02:47] [Server thread/INFO]: [LuckPerms] Performing initial data load...
[10:02:47] [Server thread/INFO]: [LuckPerms] Successfully enabled. (took 1475ms)
[10:02:47] [Server thread/INFO]: [Vault] Enabling Vault v1.7.3-b131
[10:02:47] [Server thread/INFO]: [Vault] [Economy] Essentials Economy found: Waiting
[10:02:48] [Server thread/INFO]: [Vault] [Permission] SuperPermissions loaded as backup permission system.
[10:02:48] [Server thread/INFO]: [Vault] Enabled Version 1.7.3-b131
[10:02:48] [Server thread/INFO]: [LuckPerms] Registered Vault permission & chat hook.
[10:02:48] [Server thread/INFO]: [ViaRewind] Enabling ViaRewind v4.0.7
[10:02:48] [Server thread/INFO]: [FastAsyncWorldEdit] Enabling FastAsyncWorldEdit v2.13.0
[10:02:48] [Server thread/INFO]: [com.fastasyncworldedit.core.Fawe] LZ4 Compression Binding loaded successfully
[10:02:48] [Server thread/INFO]: [com.fastasyncworldedit.core.Fawe] ZSTD Compression Binding loaded successfully
[10:02:48] [Server thread/INFO]: Registering commands with com.sk89q.worldedit.bukkit.BukkitServerInterface
[10:02:48] [Server thread/INFO]: WEPIF: Vault detected! Using Vault for permissions
[10:02:48] [Server thread/INFO]: Using com.sk89q.worldedit.bukkit.adapter.impl.fawe.v1_21_4.PaperweightFaweAdapter as the Bukkit adapter
[10:02:49] [Server thread/INFO]: Preparing level "world"
[10:02:49] [ForkJoinPool.commonPool-worker-1/WARN]: [com.fastasyncworldedit.core.util.UpdateNotification] An update for FastAsyncWorldEdit is available. You are 1094 build(s) out of date.
You are running build 0, the latest version is build 1094.
Update at https://ci.athion.net/job/FastAsyncWorldEdit
[10:02:50] [Server thread/INFO]: Preparing start region for dimension minecraft:overworld
[10:02:50] [Server thread/INFO]: Preparing spawn area: 0%
[10:02:50] [Server thread/INFO]: Preparing spawn area: 14%
[10:02:51] [Server thread/INFO]: Time elapsed: 997 ms
[10:02:51] [Server thread/INFO]: Preparing start region for dimension minecraft:the_nether
[10:02:51] [Server thread/INFO]: Preparing spawn area: 0%
[10:02:51] [Server thread/INFO]: Time elapsed: 166 ms
[10:02:51] [Server thread/INFO]: Preparing start region for dimension minecraft:the_end
[10:02:51] [Server thread/INFO]: Preparing spawn area: 0%
[10:02:51] [Server thread/INFO]: Time elapsed: 110 ms
[10:02:51] [Server thread/INFO]: [ViaVersion] Enabling ViaVersion v5.3.2
[10:02:51] [Server thread/INFO]: [ViaVersion] ViaVersion detected server version: 1.21.4 (769)
[10:02:51] [Server thread/INFO]: [ViaBackwards] Enabling ViaBackwards v5.3.2
[10:02:51] [Server thread/INFO]: [Essentials] Enabling Essentials v2.21.0
[10:02:52] [Server thread/INFO]: [Essentials] Attempting to convert old kits in config.yml to new kits.yml
[10:02:52] [Server thread/INFO]: [Essentials] No kits found to migrate.
[10:02:52] [Server thread/INFO]: [Essentials] Selected 1.21.4+ Sync Commands Provider as the provider for SyncCommandsProvider
[10:02:52] [Server thread/INFO]: [Essentials] Selected 1.20.5+ Banner Data Provider as the provider for BannerDataProvider
[10:02:52] [Server thread/INFO]: [Essentials] Selected 1.13+ Spawn Egg Provider as the provider for SpawnEggProvider
[10:02:52] [Server thread/INFO]: [Essentials] Selected Reflection Formatted Command Alias Provider as the provider for FormattedCommandAliasProvider
[10:02:52] [Server thread/INFO]: [Essentials] Selected 1.14+ Sign Data Provider as the provider for SignDataProvider
[10:02:52] [Server thread/INFO]: [Essentials] Selected Paper Tick Count Provider as the provider for TickCountProvider
[10:02:52] [Server thread/INFO]: [Essentials] Selected 1.12+ Spawner Block Provider as the provider for SpawnerBlockProvider
[10:02:52] [Server thread/INFO]: [Essentials] Selected 1.21+ InventoryView Interface ABI Provider as the provider for InventoryViewProvider
[10:02:52] [Server thread/INFO]: [Essentials] Selected 1.17.1+ World Info Provider as the provider for WorldInfoProvider
[10:02:52] [Server thread/INFO]: [Essentials] Selected 1.11+ Item Unbreakable Provider as the provider for ItemUnbreakableProvider
[10:02:52] [Server thread/INFO]: [Essentials] Selected 1.14.4+ Persistent Data Container Provider as the provider for PersistentDataProvider
[10:02:52] [Server thread/INFO]: [Essentials] Selected Paper Serialization Provider as the provider for SerializationProvider
[10:02:52] [Server thread/INFO]: [Essentials] Selected Paper Server State Provider as the provider for ServerStateProvider
[10:02:52] [Server thread/INFO]: [Essentials] Selected 1.20.4+ Damage Event Provider as the provider for DamageEventProvider
[10:02:52] [Server thread/INFO]: [Essentials] Selected Paper Container Provider as the provider for ContainerProvider
[10:02:52] [Server thread/INFO]: [Essentials] Selected 1.20.6+ Potion Meta Provider as the provider for PotionMetaProvider
[10:02:52] [Server thread/INFO]: [Essentials] Selected Reflection Online Mode Provider as the provider for OnlineModeProvider
[10:02:52] [Server thread/INFO]: [Essentials] Selected 1.12.2+ Player Locale Provider as the provider for PlayerLocaleProvider
[10:02:52] [Server thread/INFO]: [Essentials] Selected Paper Known Commands Provider as the provider for KnownCommandsProvider
[10:02:52] [Server thread/INFO]: [Essentials] Selected 1.8.3+ Spawner Item Provider as the provider for SpawnerItemProvider
[10:02:52] [Server thread/INFO]: [Essentials] Selected Paper Biome Key Provider as the provider for BiomeKeyProvider
[10:02:52] [Server thread/INFO]: [Essentials] Selected Paper Material Tag Provider as the provider for MaterialTagProvider
[10:02:52] [Server thread/INFO]: [Essentials] Loaded 43465 items from items.json.
[10:02:52] [Server thread/INFO]: [Essentials] Using locale en
[10:02:52] [Server thread/INFO]: [Essentials] ServerListPingEvent: Spigot iterator API
[10:02:52] [Server thread/INFO]: [Essentials] Starting Metrics. Opt-out using the global bStats config.
[10:02:52] [Server thread/INFO]: [Vault] [Economy] Essentials Economy hooked.
[10:02:52] [Server thread/INFO]: [Essentials] Using Vault based permissions (LuckPerms)
[10:02:52] [Server thread/INFO]: [BlueMap] Enabling BlueMap v5.7
[10:02:53] [Server thread/INFO]: [BlueMap] Saving all worlds once, to make sure the level.dat is present...
[10:02:53] [Server thread/WARN]: A manual (plugin-induced) save has been detected while server is configured to auto-save. This may affect performance.
[10:02:53] [BlueMap-Load/INFO]: [BlueMap] Loading...
[10:02:53] [Server thread/INFO]: [PluginPortal] Enabling PluginPortal v3.0.7
[10:02:54] [BlueMap-Load/WARN]: [BlueMap] BlueMap is missing important resources!
[10:02:54] [BlueMap-Load/WARN]: [BlueMap] You must accept the required file download in order for BlueMap to work!
[10:02:54] [BlueMap-Load/WARN]: [BlueMap] Please check: /workspaces/MinecraftTestServer/plugins/BlueMap/core.conf
[10:02:54] [BlueMap-Load/INFO]: [BlueMap] If you have changed the config you can simply reload the plugin using: /bluemap reload
[10:02:54] [Server thread/INFO]: [Multiverse-Core] Enabling Multiverse-Core v4.3.16
[10:02:54] [Server thread/WARN]: [Multiverse-Core] "Multiverse-Core v4.3.16" has registered a listener for org.bukkit.event.entity.EntityCreatePortalEvent on method "public void com.onarandombox.MultiverseCore.listeners.MVPortalListener.entityPortalCreate(org.bukkit.event.entity.EntityCreatePortalEvent)", but the event is Deprecated. "Server performance will be affected"; please notify the authors [dumptruckman, Rigby, fernferret, lithium3141, main--].
[10:02:54] [Server thread/INFO]: [Multiverse-Core] §aWe are aware of the warning about the deprecated event. There is no alternative that allows us to do what we need to do and performance impact is negligible. It is safe to ignore.
[10:02:54] [Server thread/INFO]: [Multiverse-Core] 3 - World(s) loaded.
[10:02:54] [Server thread/WARN]: [Multiverse-Core] Buscript failed to load! The script command will be disabled! If you would like not to see this message, use `/mv conf enablebuscript false` to disable Buscript from loading.
[10:02:54] [Server thread/INFO]: [Multiverse-Core] Version 4.3.16 (API v24) Enabled - By dumptruckman, Rigby, fernferret, lithium3141 and main--
[10:02:54] [Server thread/INFO]: [Plan] Enabling Plan v5.6 build 2965
[10:02:55] [Server thread/INFO]: [Plan] 
[10:02:55] [Server thread/INFO]: [Plan]            ██▌
[10:02:55] [Server thread/INFO]: [Plan]      ██▌   ██▌
[10:02:55] [Server thread/INFO]: [Plan]   ██▌██▌██▌██▌  Player Analytics
[10:02:55] [Server thread/INFO]: [Plan]   ██▌██▌██▌██▌  v5.6 build 2965
[10:02:55] [Server thread/INFO]: [Plan] 
[10:02:55] [Server thread/INFO]: [Plan] Locale: 'English' by AuroraLS3
[10:02:55] [Server thread/INFO]: [Plan] Downloading SQLite Driver, this may take a while...
[10:02:56] [Plan SQLiteDB-transaction-thread-1/INFO]: [Plan] Database: Making sure schema is up to date..
[10:02:56] [Server thread/INFO]: [Plan] SQLite-database connection established.
[10:02:56] [Plan SQLiteDB-transaction-thread-1/INFO]: [Plan] All database patches applied successfully.
[10:02:56] [Server thread/INFO]: [Plan] WebServer: Certificate KeyStore File not Found: plugins/Plan/Cert.jks
[10:02:56] [Server thread/INFO]: [Plan] WebServer: No Certificate -> Using HTTP-server for Visualization.
[10:02:56] [Server thread/INFO]: [Plan] WebServer: User Authorization Disabled! (Not secure over HTTP)
[10:02:56] [Server thread/INFO]: [Plan] Webserver running on PORT 8804 ( http://localhost:8804 )
[10:02:56] [Server thread/INFO]: [Plan] Loading server identifying information
[10:02:56] [Server thread/INFO]: [Plan] Server identifier loaded: b07e1d8a-79f5-43d4-bd38-95c3b089974c
[10:02:56] [Plan Non critical-pool-3/WARN]: [Plan] Downloading GeoLite2 requires accepting GeoLite2 EULA - see 'Data_gathering.Accept_GeoLite2_EULA' in the config.
[10:02:56] [Plan Non critical-pool-3/ERROR]: [Plan] Failed to enable geolocation.
[10:02:56] [Server thread/INFO]: [Plan] Registered extension: Essentials
[10:02:56] [Server thread/INFO]: [Plan] Registered extension: EssentialsEco
[10:02:56] [Server thread/INFO]: [Plan] Registered extension: LuckPerms
[10:02:56] [Server thread/INFO]: [Plan] Registered extension: Economy (Vault)
[10:02:56] [Server thread/INFO]: [Plan] Registered extension: Permission Groups (Vault)
[10:02:56] [Server thread/INFO]: [Plan] Registered extension: ViaVersion
[10:02:56] [Server thread/INFO]: [Plan] Player Analytics Enabled.
[10:02:56] [Server thread/INFO]: [ChestCommands] Enabling ChestCommands v4.0.5
[10:02:56] [Server thread/INFO]: [ChestCommands] Hooked Vault
[10:02:56] [Server thread/INFO]: [Chunky] Enabling Chunky v1.4.36
[10:02:56] [Server thread/INFO]: [SimpleScore] Enabling SimpleScore v3.12.5
[10:02:57] [Server thread/INFO]: [SimpleScore] It looks like your server doesn't have ProtocolLib, install ProtocolLib for even better performance and compatibility with other plugins.
[10:02:57] [Server thread/INFO]: [SimpleScore] https://www.spigotmc.org/resources/protocollib.1997/
[10:02:57] [Server thread/INFO]: [DecentHolograms] Enabling DecentHolograms v2.8.16
[10:02:57] [Server thread/INFO]: [NBTAPI] [NBTAPI] Found Minecraft: 1.21.4! Trying to find NMS support
[10:02:57] [Server thread/INFO]: [NBTAPI] [NBTAPI] NMS support 'MC1_21_R3' loaded!
[10:02:57] [Server thread/INFO]: [NBTAPI] [NBTAPI] Using the plugin 'DecentHolograms' to create a bStats instance!
[10:02:57] [Server thread/INFO]: [playit-gg] Enabling playit-gg v0.1.4
[10:02:57] [Thread-28/INFO]: [gg.playit.minecraft.PlayitKeysSetup] secret key found, checking
[10:02:57] [Thread-28/INFO]: [gg.playit.minecraft.PlayitKeysSetup] check secret
[10:02:57] [Server thread/INFO]: [SilkSpawners] Enabling SilkSpawners v8.2.0
[10:02:57] [Server thread/INFO]: [SilkSpawners] WorldGuard was not found and support is disabled
[10:02:57] [Server thread/INFO]: [SilkSpawners] Mimic was not found and support is disabled
[10:02:57] [Server thread/INFO]: [SilkSpawners] Loading support for v1_21_R3
[10:02:57] [Server thread/INFO]: [SilkSpawners] AutoUpdater is enabled and now running.
[10:02:57] [Server thread/INFO]: [SilkSpawners] BarAPI is disabled due to config setting.
[10:02:57] [Server thread/INFO]: [voicechat] Enabling voicechat v2.5.26
[10:02:57] [Server thread/INFO]: [voicechat] Initializing compatibility for Bukkit version 1.21.4-R0.1
[10:02:57] [Server thread/INFO]: [voicechat] Compatibility version 18
[10:02:57] [Server thread/INFO]: [voicechat] Successfully initialized commodore command completion
[10:02:57] [Server thread/INFO]: [voicechat] Successfully added ViaVersion mappings
[10:02:57] [Server thread/INFO]: [TAB] Enabling TAB v5.0.7
[10:02:57] [Server thread/INFO]: [TAB] Loaded NMS hook in 85ms
[10:02:58] [Server thread/INFO]: [TAB] Enabled in 267ms
[10:02:58] [Thread-28/INFO]: [gg.playit.minecraft.PlayitKeysSetup] found minecraft java tunnel: public-contacts.gl.joinmc.link
[10:02:58] [Thread-28/INFO]: [gg.playit.minecraft.PlayitManager] keys and tunnel setup
[10:02:58] [Thread-28/INFO]: playit.gg: tunnel setup
[10:02:58] [Thread-28/INFO]: playit.gg: public-contacts.gl.joinmc.link
[10:02:58] [Thread-28/WARN]: [gg.playit.control.ChannelSetup] Got IO error working with :control.playit.gg/2602:fbaf:82c:0:0:0:0:1, error : java.net.SocketException: Network is unreachable
[10:02:58] [Thread-28/INFO]: [gg.playit.control.ChannelSetup] request queued, waiting 1 second before resend
[10:02:58] [Server thread/INFO]: [spark] Starting background profiler...
[10:02:58] [Server thread/INFO]: Done preparing level "world" (9.080s)
[10:02:58] [Server thread/INFO]: Running delayed init tasks
[10:02:58] [Craft Scheduler Thread - 1 - ViaVersion/INFO]: [ViaVersion] Finished mapping loading, shutting down loader executor.
[10:02:58] [Craft Scheduler Thread - 0 - Essentials/INFO]: [Essentials] Fetching version information...
[10:02:58] [Craft Scheduler Thread - 10 - Vault/INFO]: [Vault] Checking for Updates ... 
[10:02:58] [Server thread/INFO]: [Essentials] Essentials found a compatible payment resolution method: Vault Compatibility Layer (v1.7.3-b131)!
[10:02:59] [Craft Scheduler Thread - 5 - Plan/INFO]: [Plan] You're using the latest version.
[10:02:59] [Craft Scheduler Thread - 10 - Vault/INFO]: [Vault] No new version available
[10:02:59] [Server thread/INFO]: [SilkSpawners] Result from AutoUpdater is: NO_UPDATE
[10:02:59] [Server thread/INFO]: Done (35.543s)! For help, type "help"
[10:02:59] [Server thread/INFO]: [voicechat] Loading plugins
[10:02:59] [Server thread/INFO]: [voicechat] Loaded 0 plugin(s)
[10:02:59] [Server thread/INFO]: [voicechat] Initializing plugins
[10:02:59] [Server thread/INFO]: [voicechat] Initialized 0 plugin(s)
[10:02:59] [VoiceChatServerThread/INFO]: [voicechat] Voice chat server started at port 24454
[10:05:20] [Thread-28/INFO]: [gg.playit.minecraft.PlayitManager] got new client: NewClient{connectAddr=147.185.221.27:15188, peerAddr=172.104.152.224:53128, claimAddress=209.25.141.2:43783, claimToken=[44, 0, 60, -109, -71, -35, 27, 59, 84, -84, 104, -104, -32, -49, -120, -80, -115, 30, -77, -85, 7, 104, 11, 94, 96, 0, 0, 0, 0, 0, 18, -1, -3, 0, 0, 0, 0, 0, 67, 104, 3, 56, -77, -85, 7, 0, 0, 0, 0, 36, 0, 0, 0, 0, 0, 0, 0, 1, 0, 4, -46, -76, 112, -61, -27, -42, -53, -33, -49, -25, -58, 109, -28, 7, 100, 6], tunnelServerId=1, dataCenterId=36}
[10:05:20] [Thread-28/INFO]: [gg.playit.minecraft.PlayitManager] starting tcp tunnel for client
[10:05:20] [Thread-28/INFO]: [gg.playit.minecraft.PlayitTcpTunnel] start connection to /209.25.141.2:43783 to claim client
[10:05:20] [nioEventLoopGroup-2-1/INFO]: [gg.playit.minecraft.PlayitTcpTunnel] connected to tunnel server, sending claim token
[10:05:20] [nioEventLoopGroup-2-1/INFO]: [gg.playit.minecraft.PlayitTcpTunnel] claim token sent
[10:05:20] [nioEventLoopGroup-2-1/INFO]: [gg.playit.minecraft.PlayitTcpTunnel] connection to tunnel server has been established
[10:05:20] [nioEventLoopGroup-2-1/INFO]: [gg.playit.minecraft.PlayitTcpTunnel] Reflect: ReflectionHelper{ServerConnection=class net.minecraft.server.network.ServerConnectionListener, LegacyPingHandler=class net.minecraft.server.network.LegacyQueryHandler, MinecraftServer=class net.minecraft.server.MinecraftServer, PacketSplitter=class net.minecraft.network.Varint21FrameDecoder, PacketDecoder=class net.minecraft.network.PacketDecoder, EnumProtocolDirection=class net.minecraft.network.protocol.PacketFlow, PacketPrepender=class net.minecraft.network.Varint21LengthFieldPrepender, PacketEncoder=class net.minecraft.network.PacketEncoder, NetworkManagerServer=class net.minecraft.network.RateKickingConnection, NetworkManager=class net.minecraft.network.Connection, HandshakeListener=class net.minecraft.server.network.ServerHandshakePacketListenerImpl, PacketListener=interface net.minecraft.network.PacketListener, CraftServer=class org.bukkit.craftbukkit.CraftServer}
[10:05:20] [nioEventLoopGroup-2-1/INFO]: [gg.playit.minecraft.PlayitTcpTunnel] legacyPingHandler is null
[10:05:20] [nioEventLoopGroup-2-1/INFO]: [gg.playit.minecraft.PlayitTcpTunnel] connecting to minecraft server at localhost/127.0.0.1:25565
[10:05:20] [nioEventLoopGroup-2-2/INFO]: [gg.playit.minecraft.PlayitTcpTunnel] connected to local minecraft server
[10:06:59] [Thread-28/INFO]: [gg.playit.control.ChannelSetup] send keep alive
[10:07:01] [Thread-28/INFO]: [gg.playit.minecraft.PlayitManager] got new client: NewClient{connectAddr=147.185.221.27:15188, peerAddr=45.141.233.236:57213, claimAddress=209.25.141.2:43784, claimToken=[44, 0, 60, -109, -71, -35, 27, 59, 84, 45, -115, -23, -20, -33, 125, -65, -51, -124, 40, -85, 8, 104, 11, 94, -59, 0, 0, 0, 0, 0, 18, -1, -3, 0, 0, 0, 0, 0, 67, 104, 3, -21, 40, -85, 8, 0, 0, 0, 0, 36, 0, 0, 0, 0, 0, 0, 0, 1, 0, 1, -82, 100, -100, -21, 71, 113, -120, 35, -62, -51, 4, -84, -81, -45, 118, 88], tunnelServerId=1, dataCenterId=36}
[10:07:01] [Thread-28/INFO]: [gg.playit.minecraft.PlayitManager] starting tcp tunnel for client
[10:07:01] [Thread-28/INFO]: [gg.playit.minecraft.PlayitTcpTunnel] start connection to /209.25.141.2:43784 to claim client
[10:07:01] [nioEventLoopGroup-2-3/INFO]: [gg.playit.minecraft.PlayitTcpTunnel] connected to tunnel server, sending claim token
[10:07:01] [nioEventLoopGroup-2-3/INFO]: [gg.playit.minecraft.PlayitTcpTunnel] claim token sent
[10:07:01] [nioEventLoopGroup-2-3/INFO]: [gg.playit.minecraft.PlayitTcpTunnel] connection to tunnel server has been established
[10:07:01] [nioEventLoopGroup-2-3/INFO]: [gg.playit.minecraft.PlayitTcpTunnel] Reflect: ReflectionHelper{ServerConnection=class net.minecraft.server.network.ServerConnectionListener, LegacyPingHandler=class net.minecraft.server.network.LegacyQueryHandler, MinecraftServer=class net.minecraft.server.MinecraftServer, PacketSplitter=class net.minecraft.network.Varint21FrameDecoder, PacketDecoder=class net.minecraft.network.PacketDecoder, EnumProtocolDirection=class net.minecraft.network.protocol.PacketFlow, PacketPrepender=class net.minecraft.network.Varint21LengthFieldPrepender, PacketEncoder=class net.minecraft.network.PacketEncoder, NetworkManagerServer=class net.minecraft.network.RateKickingConnection, NetworkManager=class net.minecraft.network.Connection, HandshakeListener=class net.minecraft.server.network.ServerHandshakePacketListenerImpl, PacketListener=interface net.minecraft.network.PacketListener, CraftServer=class org.bukkit.craftbukkit.CraftServer}
[10:07:01] [nioEventLoopGroup-2-3/INFO]: [gg.playit.minecraft.PlayitTcpTunnel] legacyPingHandler is null
[10:07:01] [nioEventLoopGroup-2-3/INFO]: [gg.playit.minecraft.PlayitTcpTunnel] connecting to minecraft server at localhost/127.0.0.1:25565
[10:07:01] [nioEventLoopGroup-2-4/INFO]: [gg.playit.minecraft.PlayitTcpTunnel] connected to local minecraft server
[10:07:36] [Thread-28/INFO]: [gg.playit.minecraft.PlayitManager] got new client: NewClient{connectAddr=147.185.221.27:15188, peerAddr=66.118.163.161:48074, claimAddress=209.25.141.2:39688, claimToken=[44, 0, 60, -109, -71, -35, 27, 59, 84, 66, 118, -93, -95, -69, -54, 111, 21, 65, 11, -101, 8, 104, 11, 94, -24, 0, 0, 0, 0, 0, 18, -1, -3, 0, 0, 0, 0, 0, 67, 104, 3, -103, 11, -101, 8, 0, 0, 0, 0, 37, 0, 0, 0, 0, 0, 0, 0, 1, 0, 1, -79, 16, 111, 84, 17, 77, -8, 20, -46, 47, 71, 102, 21, -38, 96, 62], tunnelServerId=1, dataCenterId=37}
[10:07:36] [Thread-28/INFO]: [gg.playit.minecraft.PlayitManager] starting tcp tunnel for client
[10:07:36] [Thread-28/INFO]: [gg.playit.minecraft.PlayitTcpTunnel] start connection to /209.25.141.2:39688 to claim client
[10:07:36] [nioEventLoopGroup-2-1/INFO]: [gg.playit.minecraft.PlayitTcpTunnel] connected to tunnel server, sending claim token
[10:07:36] [nioEventLoopGroup-2-1/INFO]: [gg.playit.minecraft.PlayitTcpTunnel] claim token sent
[10:07:36] [nioEventLoopGroup-2-1/INFO]: [gg.playit.minecraft.PlayitTcpTunnel] connection to tunnel server has been established
[10:07:36] [nioEventLoopGroup-2-1/INFO]: [gg.playit.minecraft.PlayitTcpTunnel] Reflect: ReflectionHelper{ServerConnection=class net.minecraft.server.network.ServerConnectionListener, LegacyPingHandler=class net.minecraft.server.network.LegacyQueryHandler, MinecraftServer=class net.minecraft.server.MinecraftServer, PacketSplitter=class net.minecraft.network.Varint21FrameDecoder, PacketDecoder=class net.minecraft.network.PacketDecoder, EnumProtocolDirection=class net.minecraft.network.protocol.PacketFlow, PacketPrepender=class net.minecraft.network.Varint21LengthFieldPrepender, PacketEncoder=class net.minecraft.network.PacketEncoder, NetworkManagerServer=class net.minecraft.network.RateKickingConnection, NetworkManager=class net.minecraft.network.Connection, HandshakeListener=class net.minecraft.server.network.ServerHandshakePacketListenerImpl, PacketListener=interface net.minecraft.network.PacketListener, CraftServer=class org.bukkit.craftbukkit.CraftServer}
[10:07:36] [nioEventLoopGroup-2-1/INFO]: [gg.playit.minecraft.PlayitTcpTunnel] legacyPingHandler is null
[10:07:36] [nioEventLoopGroup-2-1/INFO]: [gg.playit.minecraft.PlayitTcpTunnel] connecting to minecraft server at localhost/127.0.0.1:25565
[10:07:36] [nioEventLoopGroup-2-2/INFO]: [gg.playit.minecraft.PlayitTcpTunnel] connected to local minecraft server
[10:07:36] [Thread-28/INFO]: [gg.playit.minecraft.PlayitManager] got new client: NewClient{connectAddr=147.185.221.27:15188, peerAddr=66.118.163.161:4778, claimAddress=209.25.141.2:39688, claimToken=[44, 0, 60, -109, -71, -35, 27, 59, 84, 66, 118, -93, -95, 18, -86, -56, 60, -103, -122, -101, 8, 104, 11, 94, -24, 0, 0, 0, 0, 0, 18, -1, -3, 0, 0, 0, 0, 0, 67, 104, 3, 79, -122, -101, 8, 0, 0, 0, 0, 36, 0, 0, 0, 0, 0, 0, 0, 1, 0, 3, 0, -117, 31, -65, 26, 94, 52, -73, 6, 97, 58, 42, -31, 117, 14, -15], tunnelServerId=1, dataCenterId=36}
[10:07:36] [Thread-28/INFO]: [gg.playit.minecraft.PlayitManager] starting tcp tunnel for client
[10:07:36] [Thread-28/INFO]: [gg.playit.minecraft.PlayitTcpTunnel] start connection to /209.25.141.2:39688 to claim client
[10:07:36] [nioEventLoopGroup-2-3/INFO]: [gg.playit.minecraft.PlayitTcpTunnel] connected to tunnel server, sending claim token
[10:07:36] [nioEventLoopGroup-2-3/INFO]: [gg.playit.minecraft.PlayitTcpTunnel] claim token sent
[10:07:36] [nioEventLoopGroup-2-3/INFO]: [gg.playit.minecraft.PlayitTcpTunnel] connection to tunnel server has been established
[10:07:36] [nioEventLoopGroup-2-3/INFO]: [gg.playit.minecraft.PlayitTcpTunnel] Reflect: ReflectionHelper{ServerConnection=class net.minecraft.server.network.ServerConnectionListener, LegacyPingHandler=class net.minecraft.server.network.LegacyQueryHandler, MinecraftServer=class net.minecraft.server.MinecraftServer, PacketSplitter=class net.minecraft.network.Varint21FrameDecoder, PacketDecoder=class net.minecraft.network.PacketDecoder, EnumProtocolDirection=class net.minecraft.network.protocol.PacketFlow, PacketPrepender=class net.minecraft.network.Varint21LengthFieldPrepender, PacketEncoder=class net.minecraft.network.PacketEncoder, NetworkManagerServer=class net.minecraft.network.RateKickingConnection, NetworkManager=class net.minecraft.network.Connection, HandshakeListener=class net.minecraft.server.network.ServerHandshakePacketListenerImpl, PacketListener=interface net.minecraft.network.PacketListener, CraftServer=class org.bukkit.craftbukkit.CraftServer}
[10:07:36] [nioEventLoopGroup-2-3/INFO]: [gg.playit.minecraft.PlayitTcpTunnel] legacyPingHandler is null
[10:07:36] [nioEventLoopGroup-2-3/INFO]: [gg.playit.minecraft.PlayitTcpTunnel] connecting to minecraft server at localhost/127.0.0.1:25565
[10:07:36] [nioEventLoopGroup-2-4/INFO]: [gg.playit.minecraft.PlayitTcpTunnel] connected to local minecraft server
[10:11:00] [Thread-28/INFO]: [gg.playit.control.ChannelSetup] send keep alive
[10:15:01] [Thread-28/INFO]: [gg.playit.control.ChannelSetup] send keep alive
[10:16:07] [Thread-28/INFO]: [gg.playit.minecraft.PlayitManager] got new client: NewClient{connectAddr=147.185.221.181:33745, peerAddr=111.90.187.202:53262, claimAddress=209.25.141.2:43776, claimToken=[44, 0, 60, -109, -71, -35, -75, -125, -47, 111, 90, -69, -54, -48, 14, 83, -121, 44, -91, -85, 0, 104, 11, 96, -26, 0, 0, 0, 0, 0, 18, -1, -3, 0, 0, 0, 0, 0, 67, 104, 3, 16, -91, -85, 0, 0, 0, 0, 0, 40, 0, 0, 0, 0, 0, 0, 0, 1, 0, 3, 116, 76, 11, 122, -118, -14, 86, -102, -107, -101, -69, -76, 45, 88, -119, 44], tunnelServerId=1, dataCenterId=40}
[10:16:07] [Thread-28/INFO]: [gg.playit.minecraft.PlayitManager] starting tcp tunnel for client
[10:16:07] [Thread-28/INFO]: [gg.playit.minecraft.PlayitTcpTunnel] start connection to /209.25.141.2:43776 to claim client
[10:16:07] [nioEventLoopGroup-2-1/INFO]: [gg.playit.minecraft.PlayitTcpTunnel] connected to tunnel server, sending claim token
[10:16:07] [nioEventLoopGroup-2-1/INFO]: [gg.playit.minecraft.PlayitTcpTunnel] claim token sent
[10:16:07] [nioEventLoopGroup-2-1/INFO]: [gg.playit.minecraft.PlayitTcpTunnel] connection to tunnel server has been established
[10:16:07] [nioEventLoopGroup-2-1/INFO]: [gg.playit.minecraft.PlayitTcpTunnel] Reflect: ReflectionHelper{ServerConnection=class net.minecraft.server.network.ServerConnectionListener, LegacyPingHandler=class net.minecraft.server.network.LegacyQueryHandler, MinecraftServer=class net.minecraft.server.MinecraftServer, PacketSplitter=class net.minecraft.network.Varint21FrameDecoder, PacketDecoder=class net.minecraft.network.PacketDecoder, EnumProtocolDirection=class net.minecraft.network.protocol.PacketFlow, PacketPrepender=class net.minecraft.network.Varint21LengthFieldPrepender, PacketEncoder=class net.minecraft.network.PacketEncoder, NetworkManagerServer=class net.minecraft.network.RateKickingConnection, NetworkManager=class net.minecraft.network.Connection, HandshakeListener=class net.minecraft.server.network.ServerHandshakePacketListenerImpl, PacketListener=interface net.minecraft.network.PacketListener, CraftServer=class org.bukkit.craftbukkit.CraftServer}
[10:16:07] [nioEventLoopGroup-2-1/INFO]: [gg.playit.minecraft.PlayitTcpTunnel] legacyPingHandler is null
[10:16:07] [nioEventLoopGroup-2-1/INFO]: [gg.playit.minecraft.PlayitTcpTunnel] connecting to minecraft server at localhost/127.0.0.1:25565
[10:16:07] [nioEventLoopGroup-2-2/INFO]: [gg.playit.minecraft.PlayitTcpTunnel] connected to local minecraft server
[10:16:08] [Thread-28/INFO]: [gg.playit.minecraft.PlayitManager] got new client: NewClient{connectAddr=147.185.221.181:33745, peerAddr=111.90.187.202:56690, claimAddress=209.25.141.2:43776, claimToken=[44, 0, 60, -109, -71, -35, -75, -125, -47, 111, 90, -69, -54, -35, 114, -1, -119, 34, -24, -85, 0, 104, 11, 96, -24, 0, 0, 0, 0, 0, 18, -1, -3, 0, 0, 0, 0, 0, 67, 104, 3, -128, -24, -85, 0, 0, 0, 0, 0, 40, 0, 0, 0, 0, 0, 0, 0, 1, 0, 3, -91, 36, -9, -58, -82, -94, -29, 85, -2, 83, -9, 77, -83, -108, -81, -46], tunnelServerId=1, dataCenterId=40}
[10:16:08] [Thread-28/INFO]: [gg.playit.minecraft.PlayitManager] starting tcp tunnel for client
[10:16:08] [Thread-28/INFO]: [gg.playit.minecraft.PlayitTcpTunnel] start connection to /209.25.141.2:43776 to claim client
[10:16:08] [nioEventLoopGroup-2-3/INFO]: [gg.playit.minecraft.PlayitTcpTunnel] connected to tunnel server, sending claim token
[10:16:08] [nioEventLoopGroup-2-3/INFO]: [gg.playit.minecraft.PlayitTcpTunnel] claim token sent
[10:16:08] [nioEventLoopGroup-2-3/INFO]: [gg.playit.minecraft.PlayitTcpTunnel] connection to tunnel server has been established
[10:16:08] [nioEventLoopGroup-2-3/INFO]: [gg.playit.minecraft.PlayitTcpTunnel] Reflect: ReflectionHelper{ServerConnection=class net.minecraft.server.network.ServerConnectionListener, LegacyPingHandler=class net.minecraft.server.network.LegacyQueryHandler, MinecraftServer=class net.minecraft.server.MinecraftServer, PacketSplitter=class net.minecraft.network.Varint21FrameDecoder, PacketDecoder=class net.minecraft.network.PacketDecoder, EnumProtocolDirection=class net.minecraft.network.protocol.PacketFlow, PacketPrepender=class net.minecraft.network.Varint21LengthFieldPrepender, PacketEncoder=class net.minecraft.network.PacketEncoder, NetworkManagerServer=class net.minecraft.network.RateKickingConnection, NetworkManager=class net.minecraft.network.Connection, HandshakeListener=class net.minecraft.server.network.ServerHandshakePacketListenerImpl, PacketListener=interface net.minecraft.network.PacketListener, CraftServer=class org.bukkit.craftbukkit.CraftServer}
[10:16:08] [nioEventLoopGroup-2-3/INFO]: [gg.playit.minecraft.PlayitTcpTunnel] legacyPingHandler is null
[10:16:08] [nioEventLoopGroup-2-3/INFO]: [gg.playit.minecraft.PlayitTcpTunnel] connecting to minecraft server at localhost/127.0.0.1:25565
[10:16:08] [nioEventLoopGroup-2-4/INFO]: [gg.playit.minecraft.PlayitTcpTunnel] connected to local minecraft server
[10:16:11] [nioEventLoopGroup-2-3/WARN]: [io.netty.channel.DefaultChannelPipeline] An exceptionCaught() event was fired, and it reached at the tail of the pipeline. It usually means the last handler in the pipeline did not handle the exception.
java.net.SocketException: Connection reset
	at java.base/sun.nio.ch.SocketChannelImpl.throwConnectionReset(SocketChannelImpl.java:401) ~[?:?]
	at java.base/sun.nio.ch.SocketChannelImpl.read(SocketChannelImpl.java:434) ~[?:?]
	at io.netty.buffer.PooledByteBuf.setBytes(PooledByteBuf.java:255) ~[netty-buffer-4.1.115.Final.jar:4.1.115.Final]
	at io.netty.buffer.AbstractByteBuf.writeBytes(AbstractByteBuf.java:1132) ~[netty-buffer-4.1.115.Final.jar:4.1.115.Final]
	at io.netty.channel.socket.nio.NioSocketChannel.doReadBytes(NioSocketChannel.java:356) ~[netty-transport-4.1.115.Final.jar:4.1.115.Final]
	at io.netty.channel.nio.AbstractNioByteChannel$NioByteUnsafe.read(AbstractNioByteChannel.java:151) ~[netty-transport-4.1.115.Final.jar:4.1.115.Final]
	at io.netty.channel.nio.NioEventLoop.processSelectedKey(NioEventLoop.java:788) ~[netty-transport-4.1.115.Final.jar:4.1.115.Final]
	at io.netty.channel.nio.NioEventLoop.processSelectedKeysOptimized(NioEventLoop.java:724) ~[netty-transport-4.1.115.Final.jar:4.1.115.Final]
	at io.netty.channel.nio.NioEventLoop.processSelectedKeys(NioEventLoop.java:650) ~[netty-transport-4.1.115.Final.jar:4.1.115.Final]
	at io.netty.channel.nio.NioEventLoop.run(NioEventLoop.java:562) ~[netty-transport-4.1.115.Final.jar:4.1.115.Final]
	at io.netty.util.concurrent.SingleThreadEventExecutor$4.run(SingleThreadEventExecutor.java:997) ~[netty-common-4.1.115.Final.jar:4.1.115.Final]
	at io.netty.util.internal.ThreadExecutorMap$2.run(ThreadExecutorMap.java:74) ~[netty-common-4.1.115.Final.jar:4.1.115.Final]
	at io.netty.util.concurrent.FastThreadLocalRunnable.run(FastThreadLocalRunnable.java:30) ~[netty-common-4.1.115.Final.jar:4.1.115.Final]
	at java.base/java.lang.Thread.run(Thread.java:1583) ~[?:?]
[10:16:17] [Thread-28/INFO]: [gg.playit.minecraft.PlayitManager] got new client: NewClient{connectAddr=23.133.216.181:33745, peerAddr=156.146.63.199:61000, claimAddress=209.25.141.2:43008, claimToken=[44, 0, 60, 23, -123, -40, -75, -125, -47, -100, -110, 63, -57, -18, 72, 44, 94, -63, -113, -88, 0, 104, 11, 96, -15, 0, 0, 0, 0, 0, 18, -1, -3, 0, 0, 0, 0, 0, 67, 104, 3, 88, -113, -88, 0, 0, 0, 0, 0, 37, 0, 0, 0, 0, 0, 0, 0, 1, 0, 4, -86, -91, -126, 109, -119, 70, -70, -22, -50, -74, -77, -36, -116, 36, -10, -52], tunnelServerId=1, dataCenterId=37}
[10:16:17] [Thread-28/INFO]: [gg.playit.minecraft.PlayitManager] starting tcp tunnel for client
[10:16:17] [Thread-28/INFO]: [gg.playit.minecraft.PlayitTcpTunnel] start connection to /209.25.141.2:43008 to claim client
[10:16:17] [nioEventLoopGroup-2-1/INFO]: [gg.playit.minecraft.PlayitTcpTunnel] connected to tunnel server, sending claim token
[10:16:17] [nioEventLoopGroup-2-1/INFO]: [gg.playit.minecraft.PlayitTcpTunnel] claim token sent
[10:16:17] [nioEventLoopGroup-2-1/INFO]: [gg.playit.minecraft.PlayitTcpTunnel] connection to tunnel server has been established
[10:16:17] [nioEventLoopGroup-2-1/INFO]: [gg.playit.minecraft.PlayitTcpTunnel] Reflect: ReflectionHelper{ServerConnection=class net.minecraft.server.network.ServerConnectionListener, LegacyPingHandler=class net.minecraft.server.network.LegacyQueryHandler, MinecraftServer=class net.minecraft.server.MinecraftServer, PacketSplitter=class net.minecraft.network.Varint21FrameDecoder, PacketDecoder=class net.minecraft.network.PacketDecoder, EnumProtocolDirection=class net.minecraft.network.protocol.PacketFlow, PacketPrepender=class net.minecraft.network.Varint21LengthFieldPrepender, PacketEncoder=class net.minecraft.network.PacketEncoder, NetworkManagerServer=class net.minecraft.network.RateKickingConnection, NetworkManager=class net.minecraft.network.Connection, HandshakeListener=class net.minecraft.server.network.ServerHandshakePacketListenerImpl, PacketListener=interface net.minecraft.network.PacketListener, CraftServer=class org.bukkit.craftbukkit.CraftServer}
[10:16:17] [nioEventLoopGroup-2-1/INFO]: [gg.playit.minecraft.PlayitTcpTunnel] legacyPingHandler is null
[10:16:17] [nioEventLoopGroup-2-1/INFO]: [gg.playit.minecraft.PlayitTcpTunnel] connecting to minecraft server at localhost/127.0.0.1:25565
[10:16:17] [nioEventLoopGroup-2-2/INFO]: [gg.playit.minecraft.PlayitTcpTunnel] connected to local minecraft server
[10:16:30] [Thread-28/INFO]: [gg.playit.minecraft.PlayitManager] got new client: NewClient{connectAddr=147.185.221.181:33745, peerAddr=116.212.153.194:59926, claimAddress=209.25.141.2:43776, claimToken=[44, 0, 60, -109, -71, -35, -75, -125, -47, 116, -44, -103, -62, -22, 22, -62, 103, 125, -70, -85, 0, 104, 11, 96, -2, 0, 0, 0, 0, 0, 18, -1, -3, 0, 0, 0, 0, 0, 67, 104, 3, 94, -70, -85, 0, 0, 0, 0, 0, 40, 0, 0, 0, 0, 0, 0, 0, 1, 0, 1, 103, 34, -104, 99, 43, 98, -73, -114, 86, 77, 52, 100, -124, 52, -45, 67], tunnelServerId=1, dataCenterId=40}
[10:16:30] [Thread-28/INFO]: [gg.playit.minecraft.PlayitManager] starting tcp tunnel for client
[10:16:30] [Thread-28/INFO]: [gg.playit.minecraft.PlayitTcpTunnel] start connection to /209.25.141.2:43776 to claim client
[10:16:30] [nioEventLoopGroup-2-3/INFO]: [gg.playit.minecraft.PlayitTcpTunnel] connected to tunnel server, sending claim token
[10:16:30] [nioEventLoopGroup-2-3/INFO]: [gg.playit.minecraft.PlayitTcpTunnel] claim token sent
[10:16:30] [nioEventLoopGroup-2-3/INFO]: [gg.playit.minecraft.PlayitTcpTunnel] connection to tunnel server has been established
[10:16:30] [nioEventLoopGroup-2-3/INFO]: [gg.playit.minecraft.PlayitTcpTunnel] Reflect: ReflectionHelper{ServerConnection=class net.minecraft.server.network.ServerConnectionListener, LegacyPingHandler=class net.minecraft.server.network.LegacyQueryHandler, MinecraftServer=class net.minecraft.server.MinecraftServer, PacketSplitter=class net.minecraft.network.Varint21FrameDecoder, PacketDecoder=class net.minecraft.network.PacketDecoder, EnumProtocolDirection=class net.minecraft.network.protocol.PacketFlow, PacketPrepender=class net.minecraft.network.Varint21LengthFieldPrepender, PacketEncoder=class net.minecraft.network.PacketEncoder, NetworkManagerServer=class net.minecraft.network.RateKickingConnection, NetworkManager=class net.minecraft.network.Connection, HandshakeListener=class net.minecraft.server.network.ServerHandshakePacketListenerImpl, PacketListener=interface net.minecraft.network.PacketListener, CraftServer=class org.bukkit.craftbukkit.CraftServer}
[10:16:30] [nioEventLoopGroup-2-3/INFO]: [gg.playit.minecraft.PlayitTcpTunnel] legacyPingHandler is null
[10:16:30] [nioEventLoopGroup-2-3/INFO]: [gg.playit.minecraft.PlayitTcpTunnel] connecting to minecraft server at localhost/127.0.0.1:25565
[10:16:30] [nioEventLoopGroup-2-4/INFO]: [gg.playit.minecraft.PlayitTcpTunnel] connected to local minecraft server
[10:16:32] [Thread-28/INFO]: [gg.playit.minecraft.PlayitManager] got new client: NewClient{connectAddr=147.185.221.181:33745, peerAddr=116.212.153.194:62017, claimAddress=209.25.141.2:43776, claimToken=[44, 0, 60, -109, -71, -35, -75, -125, -47, 116, -44, -103, -62, -14, 65, 49, -106, 26, -76, -85, 0, 104, 11, 96, -1, 0, 0, 0, 0, 0, 18, -1, -3, 0, 0, 0, 0, 0, 67, 104, 3, -16, -76, -85, 0, 0, 0, 0, 0, 40, 0, 0, 0, 0, 0, 0, 0, 1, 0, 4, -119, -28, 41, 106, -1, -14, 25, 104, -104, 82, -24, -80, -66, 10, -15, -111], tunnelServerId=1, dataCenterId=40}
[10:16:32] [Thread-28/INFO]: [gg.playit.minecraft.PlayitManager] starting tcp tunnel for client
[10:16:32] [Thread-28/INFO]: [gg.playit.minecraft.PlayitTcpTunnel] start connection to /209.25.141.2:43776 to claim client
[10:16:32] [nioEventLoopGroup-2-1/INFO]: [gg.playit.minecraft.PlayitTcpTunnel] connected to tunnel server, sending claim token
[10:16:32] [nioEventLoopGroup-2-1/INFO]: [gg.playit.minecraft.PlayitTcpTunnel] claim token sent
[10:16:32] [nioEventLoopGroup-2-1/INFO]: [gg.playit.minecraft.PlayitTcpTunnel] connection to tunnel server has been established
[10:16:32] [nioEventLoopGroup-2-1/INFO]: [gg.playit.minecraft.PlayitTcpTunnel] Reflect: ReflectionHelper{ServerConnection=class net.minecraft.server.network.ServerConnectionListener, LegacyPingHandler=class net.minecraft.server.network.LegacyQueryHandler, MinecraftServer=class net.minecraft.server.MinecraftServer, PacketSplitter=class net.minecraft.network.Varint21FrameDecoder, PacketDecoder=class net.minecraft.network.PacketDecoder, EnumProtocolDirection=class net.minecraft.network.protocol.PacketFlow, PacketPrepender=class net.minecraft.network.Varint21LengthFieldPrepender, PacketEncoder=class net.minecraft.network.PacketEncoder, NetworkManagerServer=class net.minecraft.network.RateKickingConnection, NetworkManager=class net.minecraft.network.Connection, HandshakeListener=class net.minecraft.server.network.ServerHandshakePacketListenerImpl, PacketListener=interface net.minecraft.network.PacketListener, CraftServer=class org.bukkit.craftbukkit.CraftServer}
[10:16:32] [nioEventLoopGroup-2-1/INFO]: [gg.playit.minecraft.PlayitTcpTunnel] legacyPingHandler is null
[10:16:32] [nioEventLoopGroup-2-1/INFO]: [gg.playit.minecraft.PlayitTcpTunnel] connecting to minecraft server at localhost/127.0.0.1:25565
[10:16:32] [nioEventLoopGroup-2-2/INFO]: [gg.playit.minecraft.PlayitTcpTunnel] connected to local minecraft server
[10:16:35] [nioEventLoopGroup-2-1/WARN]: [io.netty.channel.DefaultChannelPipeline] An exceptionCaught() event was fired, and it reached at the tail of the pipeline. It usually means the last handler in the pipeline did not handle the exception.
java.net.SocketException: Connection reset
	at java.base/sun.nio.ch.SocketChannelImpl.throwConnectionReset(SocketChannelImpl.java:401) ~[?:?]
	at java.base/sun.nio.ch.SocketChannelImpl.read(SocketChannelImpl.java:434) ~[?:?]
	at io.netty.buffer.PooledByteBuf.setBytes(PooledByteBuf.java:255) ~[netty-buffer-4.1.115.Final.jar:4.1.115.Final]
	at io.netty.buffer.AbstractByteBuf.writeBytes(AbstractByteBuf.java:1132) ~[netty-buffer-4.1.115.Final.jar:4.1.115.Final]
	at io.netty.channel.socket.nio.NioSocketChannel.doReadBytes(NioSocketChannel.java:356) ~[netty-transport-4.1.115.Final.jar:4.1.115.Final]
	at io.netty.channel.nio.AbstractNioByteChannel$NioByteUnsafe.read(AbstractNioByteChannel.java:151) ~[netty-transport-4.1.115.Final.jar:4.1.115.Final]
	at io.netty.channel.nio.NioEventLoop.processSelectedKey(NioEventLoop.java:788) ~[netty-transport-4.1.115.Final.jar:4.1.115.Final]
	at io.netty.channel.nio.NioEventLoop.processSelectedKeysOptimized(NioEventLoop.java:724) ~[netty-transport-4.1.115.Final.jar:4.1.115.Final]
	at io.netty.channel.nio.NioEventLoop.processSelectedKeys(NioEventLoop.java:650) ~[netty-transport-4.1.115.Final.jar:4.1.115.Final]
	at io.netty.channel.nio.NioEventLoop.run(NioEventLoop.java:562) ~[netty-transport-4.1.115.Final.jar:4.1.115.Final]
	at io.netty.util.concurrent.SingleThreadEventExecutor$4.run(SingleThreadEventExecutor.java:997) ~[netty-common-4.1.115.Final.jar:4.1.115.Final]
	at io.netty.util.internal.ThreadExecutorMap$2.run(ThreadExecutorMap.java:74) ~[netty-common-4.1.115.Final.jar:4.1.115.Final]
	at io.netty.util.concurrent.FastThreadLocalRunnable.run(FastThreadLocalRunnable.java:30) ~[netty-common-4.1.115.Final.jar:4.1.115.Final]
	at java.base/java.lang.Thread.run(Thread.java:1583) ~[?:?]
[10:16:43] [Thread-28/INFO]: [gg.playit.minecraft.PlayitManager] got new client: NewClient{connectAddr=147.185.221.181:33745, peerAddr=182.53.160.216:53375, claimAddress=209.25.141.2:43776, claimToken=[44, 0, 60, -109, -71, -35, -75, -125, -47, -74, 53, -96, -40, -48, 127, 101, -115, 29, 26, -85, 0, 104, 11, 97, 11, 0, 0, 0, 0, 0, 18, -1, -3, 0, 0, 0, 0, 0, 67, 104, 3, 43, 26, -85, 0, 0, 0, 0, 0, 40, 0, 0, 0, 0, 0, 0, 0, 1, 0, 1, 20, -83, -89, -48, -83, -64, 113, 28, -84, -99, 84, 66, -15, 111, -82, 69], tunnelServerId=1, dataCenterId=40}
[10:16:43] [Thread-28/INFO]: [gg.playit.minecraft.PlayitManager] starting tcp tunnel for client
[10:16:43] [Thread-28/INFO]: [gg.playit.minecraft.PlayitTcpTunnel] start connection to /209.25.141.2:43776 to claim client
[10:16:43] [nioEventLoopGroup-2-3/INFO]: [gg.playit.minecraft.PlayitTcpTunnel] connected to tunnel server, sending claim token
[10:16:43] [nioEventLoopGroup-2-3/INFO]: [gg.playit.minecraft.PlayitTcpTunnel] claim token sent
[10:16:43] [nioEventLoopGroup-2-3/INFO]: [gg.playit.minecraft.PlayitTcpTunnel] connection to tunnel server has been established
[10:16:43] [nioEventLoopGroup-2-3/INFO]: [gg.playit.minecraft.PlayitTcpTunnel] Reflect: ReflectionHelper{ServerConnection=class net.minecraft.server.network.ServerConnectionListener, LegacyPingHandler=class net.minecraft.server.network.LegacyQueryHandler, MinecraftServer=class net.minecraft.server.MinecraftServer, PacketSplitter=class net.minecraft.network.Varint21FrameDecoder, PacketDecoder=class net.minecraft.network.PacketDecoder, EnumProtocolDirection=class net.minecraft.network.protocol.PacketFlow, PacketPrepender=class net.minecraft.network.Varint21LengthFieldPrepender, PacketEncoder=class net.minecraft.network.PacketEncoder, NetworkManagerServer=class net.minecraft.network.RateKickingConnection, NetworkManager=class net.minecraft.network.Connection, HandshakeListener=class net.minecraft.server.network.ServerHandshakePacketListenerImpl, PacketListener=interface net.minecraft.network.PacketListener, CraftServer=class org.bukkit.craftbukkit.CraftServer}
[10:16:43] [nioEventLoopGroup-2-3/INFO]: [gg.playit.minecraft.PlayitTcpTunnel] legacyPingHandler is null
[10:16:43] [nioEventLoopGroup-2-3/INFO]: [gg.playit.minecraft.PlayitTcpTunnel] connecting to minecraft server at localhost/127.0.0.1:25565
[10:16:43] [nioEventLoopGroup-2-4/INFO]: [gg.playit.minecraft.PlayitTcpTunnel] connected to local minecraft server
[10:16:46] [nioEventLoopGroup-2-3/WARN]: [io.netty.channel.DefaultChannelPipeline] An exceptionCaught() event was fired, and it reached at the tail of the pipeline. It usually means the last handler in the pipeline did not handle the exception.
java.net.SocketException: Connection reset
	at java.base/sun.nio.ch.SocketChannelImpl.throwConnectionReset(SocketChannelImpl.java:401) ~[?:?]
	at java.base/sun.nio.ch.SocketChannelImpl.read(SocketChannelImpl.java:434) ~[?:?]
	at io.netty.buffer.PooledByteBuf.setBytes(PooledByteBuf.java:255) ~[netty-buffer-4.1.115.Final.jar:4.1.115.Final]
	at io.netty.buffer.AbstractByteBuf.writeBytes(AbstractByteBuf.java:1132) ~[netty-buffer-4.1.115.Final.jar:4.1.115.Final]
	at io.netty.channel.socket.nio.NioSocketChannel.doReadBytes(NioSocketChannel.java:356) ~[netty-transport-4.1.115.Final.jar:4.1.115.Final]
	at io.netty.channel.nio.AbstractNioByteChannel$NioByteUnsafe.read(AbstractNioByteChannel.java:151) ~[netty-transport-4.1.115.Final.jar:4.1.115.Final]
	at io.netty.channel.nio.NioEventLoop.processSelectedKey(NioEventLoop.java:788) ~[netty-transport-4.1.115.Final.jar:4.1.115.Final]
	at io.netty.channel.nio.NioEventLoop.processSelectedKeysOptimized(NioEventLoop.java:724) ~[netty-transport-4.1.115.Final.jar:4.1.115.Final]
	at io.netty.channel.nio.NioEventLoop.processSelectedKeys(NioEventLoop.java:650) ~[netty-transport-4.1.115.Final.jar:4.1.115.Final]
	at io.netty.channel.nio.NioEventLoop.run(NioEventLoop.java:562) ~[netty-transport-4.1.115.Final.jar:4.1.115.Final]
	at io.netty.util.concurrent.SingleThreadEventExecutor$4.run(SingleThreadEventExecutor.java:997) ~[netty-common-4.1.115.Final.jar:4.1.115.Final]
	at io.netty.util.internal.ThreadExecutorMap$2.run(ThreadExecutorMap.java:74) ~[netty-common-4.1.115.Final.jar:4.1.115.Final]
	at io.netty.util.concurrent.FastThreadLocalRunnable.run(FastThreadLocalRunnable.java:30) ~[netty-common-4.1.115.Final.jar:4.1.115.Final]
	at java.base/java.lang.Thread.run(Thread.java:1583) ~[?:?]
[10:17:27] [Thread-28/INFO]: [gg.playit.minecraft.PlayitManager] got new client: NewClient{connectAddr=147.185.221.181:33745, peerAddr=103.69.84.182:61624, claimAddress=209.25.141.2:43776, claimToken=[44, 0, 60, -109, -71, -35, -75, -125, -47, 103, 69, 84, -74, -16, -72, -32, -29, 100, 60, -85, 0, 104, 11, 97, 55, 0, 0, 0, 0, 0, 18, -1, -3, 0, 0, 0, 0, 0, 67, 104, 3, 30, 60, -85, 0, 0, 0, 0, 0, 28, 0, 0, 0, 0, 0, 0, 0, 1, 0, 1, -23, 123, -28, -45, 90, 16, -8, -89, -105, -30, -83, 63, -80, -111, -98, 7], tunnelServerId=1, dataCenterId=28}
[10:17:27] [Thread-28/INFO]: [gg.playit.minecraft.PlayitManager] starting tcp tunnel for client
[10:17:27] [Thread-28/INFO]: [gg.playit.minecraft.PlayitTcpTunnel] start connection to /209.25.141.2:43776 to claim client
[10:17:27] [nioEventLoopGroup-2-1/INFO]: [gg.playit.minecraft.PlayitTcpTunnel] connected to tunnel server, sending claim token
[10:17:27] [nioEventLoopGroup-2-1/INFO]: [gg.playit.minecraft.PlayitTcpTunnel] claim token sent
[10:17:27] [nioEventLoopGroup-2-1/INFO]: [gg.playit.minecraft.PlayitTcpTunnel] connection to tunnel server has been established
[10:17:27] [nioEventLoopGroup-2-1/INFO]: [gg.playit.minecraft.PlayitTcpTunnel] Reflect: ReflectionHelper{ServerConnection=class net.minecraft.server.network.ServerConnectionListener, LegacyPingHandler=class net.minecraft.server.network.LegacyQueryHandler, MinecraftServer=class net.minecraft.server.MinecraftServer, PacketSplitter=class net.minecraft.network.Varint21FrameDecoder, PacketDecoder=class net.minecraft.network.PacketDecoder, EnumProtocolDirection=class net.minecraft.network.protocol.PacketFlow, PacketPrepender=class net.minecraft.network.Varint21LengthFieldPrepender, PacketEncoder=class net.minecraft.network.PacketEncoder, NetworkManagerServer=class net.minecraft.network.RateKickingConnection, NetworkManager=class net.minecraft.network.Connection, HandshakeListener=class net.minecraft.server.network.ServerHandshakePacketListenerImpl, PacketListener=interface net.minecraft.network.PacketListener, CraftServer=class org.bukkit.craftbukkit.CraftServer}
[10:17:27] [nioEventLoopGroup-2-1/INFO]: [gg.playit.minecraft.PlayitTcpTunnel] legacyPingHandler is null
[10:17:27] [nioEventLoopGroup-2-1/INFO]: [gg.playit.minecraft.PlayitTcpTunnel] connecting to minecraft server at localhost/127.0.0.1:25565
[10:17:27] [nioEventLoopGroup-2-2/INFO]: [gg.playit.minecraft.PlayitTcpTunnel] connected to local minecraft server
[10:17:28] [Thread-28/INFO]: [gg.playit.minecraft.PlayitManager] got new client: NewClient{connectAddr=147.185.221.181:33745, peerAddr=103.69.84.182:63228, claimAddress=209.25.141.2:43776, claimToken=[44, 0, 60, -109, -71, -35, -75, -125, -47, 103, 69, 84, -74, -10, -4, -124, -63, -120, -4, -85, 0, 104, 11, 97, 56, 0, 0, 0, 0, 0, 18, -1, -3, 0, 0, 0, 0, 0, 67, 104, 3, -66, -4, -85, 0, 0, 0, 0, 0, 28, 0, 0, 0, 0, 0, 0, 0, 1, 0, 1, 47, 20, 33, -38, 53, -119, -108, 62, 29, 72, -17, -97, -81, 102, -41, 58], tunnelServerId=1, dataCenterId=28}
[10:17:28] [Thread-28/INFO]: [gg.playit.minecraft.PlayitManager] starting tcp tunnel for client
[10:17:28] [Thread-28/INFO]: [gg.playit.minecraft.PlayitTcpTunnel] start connection to /209.25.141.2:43776 to claim client
[10:17:28] [nioEventLoopGroup-2-3/INFO]: [gg.playit.minecraft.PlayitTcpTunnel] connected to tunnel server, sending claim token
[10:17:28] [nioEventLoopGroup-2-3/INFO]: [gg.playit.minecraft.PlayitTcpTunnel] claim token sent
[10:17:28] [nioEventLoopGroup-2-3/INFO]: [gg.playit.minecraft.PlayitTcpTunnel] connection to tunnel server has been established
[10:17:28] [nioEventLoopGroup-2-3/INFO]: [gg.playit.minecraft.PlayitTcpTunnel] Reflect: ReflectionHelper{ServerConnection=class net.minecraft.server.network.ServerConnectionListener, LegacyPingHandler=class net.minecraft.server.network.LegacyQueryHandler, MinecraftServer=class net.minecraft.server.MinecraftServer, PacketSplitter=class net.minecraft.network.Varint21FrameDecoder, PacketDecoder=class net.minecraft.network.PacketDecoder, EnumProtocolDirection=class net.minecraft.network.protocol.PacketFlow, PacketPrepender=class net.minecraft.network.Varint21LengthFieldPrepender, PacketEncoder=class net.minecraft.network.PacketEncoder, NetworkManagerServer=class net.minecraft.network.RateKickingConnection, NetworkManager=class net.minecraft.network.Connection, HandshakeListener=class net.minecraft.server.network.ServerHandshakePacketListenerImpl, PacketListener=interface net.minecraft.network.PacketListener, CraftServer=class org.bukkit.craftbukkit.CraftServer}
[10:17:28] [nioEventLoopGroup-2-3/INFO]: [gg.playit.minecraft.PlayitTcpTunnel] legacyPingHandler is null
[10:17:28] [nioEventLoopGroup-2-3/INFO]: [gg.playit.minecraft.PlayitTcpTunnel] connecting to minecraft server at localhost/127.0.0.1:25565
[10:17:28] [nioEventLoopGroup-2-4/INFO]: [gg.playit.minecraft.PlayitTcpTunnel] connected to local minecraft server
[10:17:32] [nioEventLoopGroup-2-3/WARN]: [io.netty.channel.DefaultChannelPipeline] An exceptionCaught() event was fired, and it reached at the tail of the pipeline. It usually means the last handler in the pipeline did not handle the exception.
java.net.SocketException: Connection reset
	at java.base/sun.nio.ch.SocketChannelImpl.throwConnectionReset(SocketChannelImpl.java:401) ~[?:?]
	at java.base/sun.nio.ch.SocketChannelImpl.read(SocketChannelImpl.java:434) ~[?:?]
	at io.netty.buffer.PooledByteBuf.setBytes(PooledByteBuf.java:255) ~[netty-buffer-4.1.115.Final.jar:4.1.115.Final]
	at io.netty.buffer.AbstractByteBuf.writeBytes(AbstractByteBuf.java:1132) ~[netty-buffer-4.1.115.Final.jar:4.1.115.Final]
	at io.netty.channel.socket.nio.NioSocketChannel.doReadBytes(NioSocketChannel.java:356) ~[netty-transport-4.1.115.Final.jar:4.1.115.Final]
	at io.netty.channel.nio.AbstractNioByteChannel$NioByteUnsafe.read(AbstractNioByteChannel.java:151) ~[netty-transport-4.1.115.Final.jar:4.1.115.Final]
	at io.netty.channel.nio.NioEventLoop.processSelectedKey(NioEventLoop.java:788) ~[netty-transport-4.1.115.Final.jar:4.1.115.Final]
	at io.netty.channel.nio.NioEventLoop.processSelectedKeysOptimized(NioEventLoop.java:724) ~[netty-transport-4.1.115.Final.jar:4.1.115.Final]
	at io.netty.channel.nio.NioEventLoop.processSelectedKeys(NioEventLoop.java:650) ~[netty-transport-4.1.115.Final.jar:4.1.115.Final]
	at io.netty.channel.nio.NioEventLoop.run(NioEventLoop.java:562) ~[netty-transport-4.1.115.Final.jar:4.1.115.Final]
	at io.netty.util.concurrent.SingleThreadEventExecutor$4.run(SingleThreadEventExecutor.java:997) ~[netty-common-4.1.115.Final.jar:4.1.115.Final]
	at io.netty.util.internal.ThreadExecutorMap$2.run(ThreadExecutorMap.java:74) ~[netty-common-4.1.115.Final.jar:4.1.115.Final]
	at io.netty.util.concurrent.FastThreadLocalRunnable.run(FastThreadLocalRunnable.java:30) ~[netty-common-4.1.115.Final.jar:4.1.115.Final]
	at java.base/java.lang.Thread.run(Thread.java:1583) ~[?:?]
[10:19:02] [Thread-28/INFO]: [gg.playit.control.ChannelSetup] send keep alive
[10:19:53] [Thread-28/INFO]: [gg.playit.minecraft.PlayitManager] got new client: NewClient{connectAddr=147.185.221.181:33745, peerAddr=125.24.173.74:53447, claimAddress=209.25.141.2:43776, claimToken=[44, 0, 60, -109, -71, -35, -75, -125, -47, 125, 24, -83, 74, -48, -57, -71, -88, 90, 68, -85, 0, 104, 11, 97, -55, 0, 0, 0, 0, 0, 18, -1, -3, 0, 0, 0, 0, 0, 67, 104, 3, -128, 68, -85, 0, 0, 0, 0, 0, 40, 0, 0, 0, 0, 0, 0, 0, 1, 0, 2, -37, 54, -4, 10, 36, -124, -30, 115, -69, 5, 73, -26, -122, -4, 5, -74], tunnelServerId=1, dataCenterId=40}
[10:19:53] [Thread-28/INFO]: [gg.playit.minecraft.PlayitManager] starting tcp tunnel for client
[10:19:53] [Thread-28/INFO]: [gg.playit.minecraft.PlayitTcpTunnel] start connection to /209.25.141.2:43776 to claim client
[10:19:53] [nioEventLoopGroup-2-1/INFO]: [gg.playit.minecraft.PlayitTcpTunnel] connected to tunnel server, sending claim token
[10:19:53] [nioEventLoopGroup-2-1/INFO]: [gg.playit.minecraft.PlayitTcpTunnel] claim token sent
[10:19:53] [nioEventLoopGroup-2-1/INFO]: [gg.playit.minecraft.PlayitTcpTunnel] connection to tunnel server has been established
[10:19:53] [nioEventLoopGroup-2-1/INFO]: [gg.playit.minecraft.PlayitTcpTunnel] Reflect: ReflectionHelper{ServerConnection=class net.minecraft.server.network.ServerConnectionListener, LegacyPingHandler=class net.minecraft.server.network.LegacyQueryHandler, MinecraftServer=class net.minecraft.server.MinecraftServer, PacketSplitter=class net.minecraft.network.Varint21FrameDecoder, PacketDecoder=class net.minecraft.network.PacketDecoder, EnumProtocolDirection=class net.minecraft.network.protocol.PacketFlow, PacketPrepender=class net.minecraft.network.Varint21LengthFieldPrepender, PacketEncoder=class net.minecraft.network.PacketEncoder, NetworkManagerServer=class net.minecraft.network.RateKickingConnection, NetworkManager=class net.minecraft.network.Connection, HandshakeListener=class net.minecraft.server.network.ServerHandshakePacketListenerImpl, PacketListener=interface net.minecraft.network.PacketListener, CraftServer=class org.bukkit.craftbukkit.CraftServer}
[10:19:53] [nioEventLoopGroup-2-1/INFO]: [gg.playit.minecraft.PlayitTcpTunnel] legacyPingHandler is null
[10:19:53] [nioEventLoopGroup-2-1/INFO]: [gg.playit.minecraft.PlayitTcpTunnel] connecting to minecraft server at localhost/127.0.0.1:25565
[10:19:53] [nioEventLoopGroup-2-2/INFO]: [gg.playit.minecraft.PlayitTcpTunnel] connected to local minecraft server
[10:19:55] [Thread-28/INFO]: [gg.playit.minecraft.PlayitManager] got new client: NewClient{connectAddr=147.185.221.181:33745, peerAddr=125.24.173.74:41217, claimAddress=209.25.141.2:43776, claimToken=[44, 0, 60, -109, -71, -35, -75, -125, -47, 125, 24, -83, 74, -95, 1, 35, 62, 51, 88, -85, 0, 104, 11, 97, -53, 0, 0, 0, 0, 0, 18, -1, -3, 0, 0, 0, 0, 0, 67, 104, 3, 80, 88, -85, 0, 0, 0, 0, 0, 40, 0, 0, 0, 0, 0, 0, 0, 1, 0, 1, 40, -49, 32, 106, -43, -62, -115, -96, -7, 109, 112, -57, 112, 71, 62, 20], tunnelServerId=1, dataCenterId=40}
[10:19:55] [Thread-28/INFO]: [gg.playit.minecraft.PlayitManager] starting tcp tunnel for client
[10:19:55] [Thread-28/INFO]: [gg.playit.minecraft.PlayitTcpTunnel] start connection to /209.25.141.2:43776 to claim client
[10:19:55] [nioEventLoopGroup-2-3/INFO]: [gg.playit.minecraft.PlayitTcpTunnel] connected to tunnel server, sending claim token
[10:19:55] [nioEventLoopGroup-2-3/INFO]: [gg.playit.minecraft.PlayitTcpTunnel] claim token sent
[10:19:55] [nioEventLoopGroup-2-3/INFO]: [gg.playit.minecraft.PlayitTcpTunnel] connection to tunnel server has been established
[10:19:55] [nioEventLoopGroup-2-3/INFO]: [gg.playit.minecraft.PlayitTcpTunnel] Reflect: ReflectionHelper{ServerConnection=class net.minecraft.server.network.ServerConnectionListener, LegacyPingHandler=class net.minecraft.server.network.LegacyQueryHandler, MinecraftServer=class net.minecraft.server.MinecraftServer, PacketSplitter=class net.minecraft.network.Varint21FrameDecoder, PacketDecoder=class net.minecraft.network.PacketDecoder, EnumProtocolDirection=class net.minecraft.network.protocol.PacketFlow, PacketPrepender=class net.minecraft.network.Varint21LengthFieldPrepender, PacketEncoder=class net.minecraft.network.PacketEncoder, NetworkManagerServer=class net.minecraft.network.RateKickingConnection, NetworkManager=class net.minecraft.network.Connection, HandshakeListener=class net.minecraft.server.network.ServerHandshakePacketListenerImpl, PacketListener=interface net.minecraft.network.PacketListener, CraftServer=class org.bukkit.craftbukkit.CraftServer}
[10:19:55] [nioEventLoopGroup-2-3/INFO]: [gg.playit.minecraft.PlayitTcpTunnel] legacyPingHandler is null
[10:19:55] [nioEventLoopGroup-2-3/INFO]: [gg.playit.minecraft.PlayitTcpTunnel] connecting to minecraft server at localhost/127.0.0.1:25565
[10:19:55] [nioEventLoopGroup-2-4/INFO]: [gg.playit.minecraft.PlayitTcpTunnel] connected to local minecraft server
[10:20:01] [nioEventLoopGroup-2-3/WARN]: [io.netty.channel.DefaultChannelPipeline] An exceptionCaught() event was fired, and it reached at the tail of the pipeline. It usually means the last handler in the pipeline did not handle the exception.
java.net.SocketException: Connection reset
	at java.base/sun.nio.ch.SocketChannelImpl.throwConnectionReset(SocketChannelImpl.java:401) ~[?:?]
	at java.base/sun.nio.ch.SocketChannelImpl.read(SocketChannelImpl.java:434) ~[?:?]
	at io.netty.buffer.PooledByteBuf.setBytes(PooledByteBuf.java:255) ~[netty-buffer-4.1.115.Final.jar:4.1.115.Final]
	at io.netty.buffer.AbstractByteBuf.writeBytes(AbstractByteBuf.java:1132) ~[netty-buffer-4.1.115.Final.jar:4.1.115.Final]
	at io.netty.channel.socket.nio.NioSocketChannel.doReadBytes(NioSocketChannel.java:356) ~[netty-transport-4.1.115.Final.jar:4.1.115.Final]
	at io.netty.channel.nio.AbstractNioByteChannel$NioByteUnsafe.read(AbstractNioByteChannel.java:151) ~[netty-transport-4.1.115.Final.jar:4.1.115.Final]
	at io.netty.channel.nio.NioEventLoop.processSelectedKey(NioEventLoop.java:788) ~[netty-transport-4.1.115.Final.jar:4.1.115.Final]
	at io.netty.channel.nio.NioEventLoop.processSelectedKeysOptimized(NioEventLoop.java:724) ~[netty-transport-4.1.115.Final.jar:4.1.115.Final]
	at io.netty.channel.nio.NioEventLoop.processSelectedKeys(NioEventLoop.java:650) ~[netty-transport-4.1.115.Final.jar:4.1.115.Final]
	at io.netty.channel.nio.NioEventLoop.run(NioEventLoop.java:562) ~[netty-transport-4.1.115.Final.jar:4.1.115.Final]
	at io.netty.util.concurrent.SingleThreadEventExecutor$4.run(SingleThreadEventExecutor.java:997) ~[netty-common-4.1.115.Final.jar:4.1.115.Final]
	at io.netty.util.internal.ThreadExecutorMap$2.run(ThreadExecutorMap.java:74) ~[netty-common-4.1.115.Final.jar:4.1.115.Final]
	at io.netty.util.concurrent.FastThreadLocalRunnable.run(FastThreadLocalRunnable.java:30) ~[netty-common-4.1.115.Final.jar:4.1.115.Final]
	at java.base/java.lang.Thread.run(Thread.java:1583) ~[?:?]
[10:20:08] [Server thread/INFO]: [Not Secure] [Server] hiiiii
[10:20:16] [Server thread/INFO]: Stopping the server
[10:20:16] [Server thread/INFO]: Stopping server
[10:20:16] [Server thread/INFO]: [TAB] Disabling TAB v5.0.7
[10:20:16] [Server thread/INFO]: [TAB] Disabled in 0ms
[10:20:16] [Server thread/INFO]: [voicechat] Disabling voicechat v2.5.26
[10:20:16] [Server thread/INFO]: [SilkSpawners] Disabling SilkSpawners v8.2.0
[10:20:16] [Server thread/INFO]: [playit-gg] Disabling playit-gg v0.1.4
[10:20:16] [Server thread/INFO]: [DecentHolograms] Disabling DecentHolograms v2.8.16
[10:20:16] [Server thread/INFO]: [SimpleScore] Disabling SimpleScore v3.12.5
[10:20:16] [Server thread/INFO]: [Chunky] Disabling Chunky v1.4.36
[10:20:16] [Server thread/INFO]: [FastAsyncWorldEdit] Disabling FastAsyncWorldEdit v2.13.0
[10:20:16] [Server thread/INFO]: Unregistering com.sk89q.worldedit.bukkit.BukkitServerInterface from WorldEdit
[10:20:16] [Server thread/INFO]: [ChestCommands] Disabling ChestCommands v4.0.5
[10:20:16] [Server thread/INFO]: [Plan] Disabling Plan v5.6 build 2965
[10:20:16] [Server thread/INFO]: [Plan] Processing complete.
[10:20:16] [Server thread/INFO]: [Plan] Waiting for unfinished transactions to avoid data loss..
[10:20:16] [Server thread/INFO]: [Plan] Transaction queue closed.
[10:20:16] [Server thread/INFO]: [Plan] Waiting queries to finish to avoid SQLite crashing JVM..
[10:20:16] [Server thread/INFO]: [Plan] Closed SQLite connection.
[10:20:16] [Server thread/INFO]: [Plan] Player Analytics Disabled.
[10:20:16] [Server thread/INFO]: [Multiverse-Core] Disabling Multiverse-Core v4.3.16
[10:20:16] [Server thread/INFO]: [PluginPortal] Disabling PluginPortal v3.0.7
[10:20:16] [Server thread/INFO]: [ViaRewind] Disabling ViaRewind v4.0.7
[10:20:16] [Server thread/INFO]: [BlueMap] Disabling BlueMap v5.7
[10:20:16] [Server thread/INFO]: [BlueMap] Stopping...
[10:20:16] [Server thread/INFO]: [BlueMap] Saved and stopped!
[10:20:16] [Server thread/INFO]: [Essentials] Disabling Essentials v2.21.0
[10:20:16] [Server thread/INFO]: [Vault] [Economy] Essentials Economy unhooked.
[10:20:16] [Server thread/INFO]: [ViaBackwards] Disabling ViaBackwards v5.3.2
[10:20:16] [Server thread/INFO]: [Vault] Disabling Vault v1.7.3-b131
[10:20:16] [Server thread/INFO]: [LuckPerms] Disabling LuckPerms v5.4.158
[10:20:16] [Server thread/INFO]: [LuckPerms] Starting shutdown process...
[10:20:16] [Server thread/INFO]: [LuckPerms] Closing storage...
[10:20:16] [Server thread/INFO]: [LuckPerms] Goodbye!
[10:20:16] [Server thread/INFO]: [ViaVersion] Disabling ViaVersion v5.3.2
[10:20:16] [Server thread/INFO]: [ViaVersion] ViaVersion has been disabled; uninjected the platform and shut down the scheduler.
[10:20:16] [Server thread/INFO]: Saving players
[10:20:16] [Server thread/INFO]: Saving worlds
[10:20:16] [Server thread/INFO]: Saving chunks for level 'ServerLevel[world]'/minecraft:overworld
[10:20:16] [Server thread/INFO]: [ChunkHolderManager] Waiting 60s for chunk system to halt for world 'world'
[10:20:16] [Server thread/INFO]: [ChunkHolderManager] Halted chunk system for world 'world'
[10:20:16] [Server thread/INFO]: [ChunkHolderManager] Saving all chunkholders for world 'world'
[10:20:16] [Server thread/INFO]: [ChunkHolderManager] Saved 0 block chunks, 2 entity chunks, 0 poi chunks in world 'world' in 0.01s
[10:20:16] [Server thread/INFO]: [ChunkHolderManager] Waiting 60s for chunk I/O to halt for world 'world'
[10:20:16] [Server thread/INFO]: [ChunkHolderManager] Halted I/O scheduler for world 'world'
[10:20:16] [Server thread/INFO]: Saving chunks for level 'ServerLevel[world_nether]'/minecraft:the_nether
[10:20:16] [Server thread/INFO]: [ChunkHolderManager] Waiting 60s for chunk system to halt for world 'world_nether'
[10:20:16] [Server thread/INFO]: [ChunkHolderManager] Halted chunk system for world 'world_nether'
[10:20:16] [Server thread/INFO]: [ChunkHolderManager] Saving all chunkholders for world 'world_nether'
[10:20:16] [Server thread/INFO]: [ChunkHolderManager] Saved 0 block chunks, 1 entity chunks, 0 poi chunks in world 'world_nether' in 0.00s
[10:20:16] [Server thread/INFO]: [ChunkHolderManager] Waiting 60s for chunk I/O to halt for world 'world_nether'
[10:20:16] [Server thread/INFO]: [ChunkHolderManager] Halted I/O scheduler for world 'world_nether'
[10:20:16] [Server thread/INFO]: Saving chunks for level 'ServerLevel[world_the_end]'/minecraft:the_end
[10:20:16] [Server thread/INFO]: [ChunkHolderManager] Waiting 60s for chunk system to halt for world 'world_the_end'
[10:20:16] [Server thread/INFO]: [ChunkHolderManager] Halted chunk system for world 'world_the_end'
[10:20:16] [Server thread/INFO]: [ChunkHolderManager] Saving all chunkholders for world 'world_the_end'
[10:20:16] [Server thread/INFO]: [ChunkHolderManager] Saved 0 block chunks, 10 entity chunks, 0 poi chunks in world 'world_the_end' in 0.00s
[10:20:16] [Server thread/INFO]: [ChunkHolderManager] Waiting 60s for chunk I/O to halt for world 'world_the_end'
[10:20:16] [Server thread/INFO]: [ChunkHolderManager] Halted I/O scheduler for world 'world_the_end'
[10:20:16] [Server thread/INFO]: ThreadedAnvilChunkStorage (world): All chunks are saved
[10:20:16] [Server thread/INFO]: ThreadedAnvilChunkStorage (DIM-1): All chunks are saved
[10:20:16] [Server thread/INFO]: ThreadedAnvilChunkStorage (DIM1): All chunks are saved
[10:20:16] [Server thread/INFO]: ThreadedAnvilChunkStorage: All dimensions are saved
[10:20:16] [Server thread/INFO]: Waiting for I/O tasks to complete...
[10:20:16] [Server thread/INFO]: All I/O tasks to complete
[10:20:16] [Server thread/INFO]: [MoonriseCommon] Awaiting termination of worker pool for up to 60s...
[10:20:16] [Server thread/INFO]: [MoonriseCommon] Awaiting termination of I/O pool for up to 60s...
